Vivado Simulator 2019.2
Copyright 1986-1999, 2001-2019 Xilinx, Inc. All Rights Reserved.
Running: /tools/Xilinx/Vivado/2019.2/bin/unwrapped/lnx64.o/xelab -wto 417aa99769be4fee903635039a045a98 --incr --debug typical --relax --mt 8 -L xil_defaultlib -L unisims_ver -L unimacro_ver -L secureip --snapshot upcounter_testbench_behav xil_defaultlib.upcounter_testbench xil_defaultlib.glbl -log elaborate.log 
Using 8 slave threads.
Starting static elaboration
Pass Through NonSizing Optimizer
Completed static elaboration
Starting simulation data flow analysis
Completed simulation data flow analysis
Time Resolution for simulation is 1ps
Compiling module xil_defaultlib.fpga_interconnect
Compiling module xil_defaultlib.LUT_K(K=3,LUT_MASK=8'b010010)
Compiling module xil_defaultlib.DFF
Compiling module xil_defaultlib.LUT_K(K=4,LUT_MASK=16'b100000000...
Compiling module xil_defaultlib.LUT_K(K=3,LUT_MASK=8'b010100)
Compiling module xil_defaultlib.LUT_K(K=3,LUT_MASK=8'b10000000)
Compiling module xil_defaultlib.LUT_K(K=4,LUT_MASK=16'b010100010...
Compiling module xil_defaultlib.up_counter
Compiling module xil_defaultlib.upcounter_testbench
Compiling module xil_defaultlib.glbl
Built simulation snapshot upcounter_testbench_behav
