#-----------------------------------------------------------
# Vivado v2019.2 (64-bit)
# SW Build 2708876 on Wed Nov  6 21:39:14 MST 2019
# IP Build 2700528 on Thu Nov  7 00:09:20 MST 2019
# Start of session at: Thu Dec 15 20:23:07 2022
# Process ID: 7364
# Current directory: /home/asheshpangma/VSD-FPGA-Fabric-Design-and-Architecture/Day2/vtr_flow
# Command line: vivado
# Log file: /home/asheshpangma/VSD-FPGA-Fabric-Design-and-Architecture/Day2/vtr_flow/vivado.log
# Journal file: /home/asheshpangma/VSD-FPGA-Fabric-Design-and-Architecture/Day2/vtr_flow/vivado.jou
#-----------------------------------------------------------
start_gui
open_project /home/asheshpangma/VSD-FPGA-Fabric-Design-and-Architecture/Day2/vtr_flow/counter/counter.xpr
Scanning sources...
Finished scanning sources
INFO: [IP_Flow 19-234] Refreshing IP repositories
INFO: [IP_Flow 19-1704] No user IP repositories specified
INFO: [IP_Flow 19-2313] Loaded Vivado IP repository '/tools/Xilinx/Vivado/2019.2/data/ip'.
open_project: Time (s): cpu = 00:00:14 ; elapsed = 00:00:06 . Memory (MB): peak = 6592.789 ; gain = 150.039 ; free physical = 5722 ; free virtual = 8731
update_compile_order -fileset sources_1
launch_simulation
Command: launch_simulation 
INFO: [Vivado 12-5682] Launching behavioral simulation in '/home/asheshpangma/VSD-FPGA-Fabric-Design-and-Architecture/Day2/vtr_flow/counter/counter.sim/sim_1/behav/xsim'
INFO: [SIM-utils-51] Simulation object is 'sim_1'
INFO: [SIM-utils-54] Inspecting design source files for 'upcounter_testbench' in fileset 'sim_1'...
INFO: [USF-XSim-97] Finding global include files...
INFO: [USF-XSim-98] Fetching design files from 'sim_1'...
INFO: [USF-XSim-2] XSim::Compile design
INFO: [USF-XSim-61] Executing 'COMPILE and ANALYZE' step in '/home/asheshpangma/VSD-FPGA-Fabric-Design-and-Architecture/Day2/vtr_flow/counter/counter.sim/sim_1/behav/xsim'
xvlog --incr --relax -prj upcounter_testbench_vlog.prj
INFO: [VRFC 10-2263] Analyzing Verilog file "/home/asheshpangma/VSD-FPGA-Fabric-Design-and-Architecture/Day2/vtr_flow/counter/counter.srcs/sources_1/imports/vtr_flow/primitives.v" into library xil_defaultlib
INFO: [VRFC 10-311] analyzing module LUT_K
INFO: [VRFC 10-311] analyzing module DFF
INFO: [VRFC 10-311] analyzing module fpga_interconnect
INFO: [VRFC 10-311] analyzing module mux
INFO: [VRFC 10-311] analyzing module adder
INFO: [VRFC 10-311] analyzing module multiply
INFO: [VRFC 10-311] analyzing module single_port_ram
INFO: [VRFC 10-311] analyzing module dual_port_ram
INFO: [VRFC 10-2263] Analyzing Verilog file "/home/asheshpangma/VSD-FPGA-Fabric-Design-and-Architecture/Day2/vtr_flow/counter/counter.srcs/sources_1/imports/vtr_flow/up_counter_post_synthesis.v" into library xil_defaultlib
INFO: [VRFC 10-311] analyzing module up_counter
INFO: [VRFC 10-2263] Analyzing Verilog file "/home/asheshpangma/VSD-FPGA-Fabric-Design-and-Architecture/Day2/vtr_flow/counter/counter.srcs/sim_1/imports/vtr_flow/counter_tb.v" into library xil_defaultlib
INFO: [VRFC 10-311] analyzing module upcounter_testbench
INFO: [USF-XSim-69] 'compile' step finished in '2' seconds
INFO: [USF-XSim-3] XSim::Elaborate design
INFO: [USF-XSim-61] Executing 'ELABORATE' step in '/home/asheshpangma/VSD-FPGA-Fabric-Design-and-Architecture/Day2/vtr_flow/counter/counter.sim/sim_1/behav/xsim'
xelab -wto 35a19cd2581b43a3a5bb87d4dac057fc --incr --debug typical --relax --mt 8 -L xil_defaultlib -L unisims_ver -L unimacro_ver -L secureip --snapshot upcounter_testbench_behav xil_defaultlib.upcounter_testbench xil_defaultlib.glbl -log elaborate.log
Vivado Simulator 2019.2
Copyright 1986-1999, 2001-2019 Xilinx, Inc. All Rights Reserved.
Running: /tools/Xilinx/Vivado/2019.2/bin/unwrapped/lnx64.o/xelab -wto 35a19cd2581b43a3a5bb87d4dac057fc --incr --debug typical --relax --mt 8 -L xil_defaultlib -L unisims_ver -L unimacro_ver -L secureip --snapshot upcounter_testbench_behav xil_defaultlib.upcounter_testbench xil_defaultlib.glbl -log elaborate.log 
Using 8 slave threads.
Starting static elaboration
Pass Through NonSizing Optimizer
Completed static elaboration
Starting simulation data flow analysis
Completed simulation data flow analysis
Time Resolution for simulation is 1ps
Compiling module xil_defaultlib.fpga_interconnect
Compiling module xil_defaultlib.LUT_K(LUT_MASK=32'b1111111111111...
Compiling module xil_defaultlib.LUT_K(LUT_MASK=32'b01)
Compiling module xil_defaultlib.LUT_K(LUT_MASK=32'b0100010000000...
Compiling module xil_defaultlib.DFF
Compiling module xil_defaultlib.LUT_K(LUT_MASK=32'b0110100000000...
Compiling module xil_defaultlib.LUT_K(LUT_MASK=32'b0110000000000...
Compiling module xil_defaultlib.LUT_K(LUT_MASK=32'b011011000)
Compiling module xil_defaultlib.adder(WIDTH=1'b1)
Compiling module xil_defaultlib.up_counter
Compiling module xil_defaultlib.upcounter_testbench
Compiling module xil_defaultlib.glbl
Built simulation snapshot upcounter_testbench_behav
INFO: [USF-XSim-69] 'elaborate' step finished in '1' seconds
INFO: [USF-XSim-4] XSim::Simulate design
INFO: [USF-XSim-61] Executing 'SIMULATE' step in '/home/asheshpangma/VSD-FPGA-Fabric-Design-and-Architecture/Day2/vtr_flow/counter/counter.sim/sim_1/behav/xsim'
INFO: [USF-XSim-98] *** Running xsim
   with args "upcounter_testbench_behav -key {Behavioral:sim_1:Functional:upcounter_testbench} -tclbatch {upcounter_testbench.tcl} -log {simulate.log}"
INFO: [USF-XSim-8] Loading simulator feature
Vivado Simulator 2019.2
Time resolution is 1 ps
source upcounter_testbench.tcl
# set curr_wave [current_wave_config]
# if { [string length $curr_wave] == 0 } {
#   if { [llength [get_objects]] > 0} {
#     add_wave /
#     set_property needs_save false [current_wave_config]
#   } else {
#      send_msg_id Add_Wave-1 WARNING "No top level signals found. Simulator will start without a wave window. If you want to open a wave window go to 'File->New Waveform Configuration' or type 'create_wave_config' in the TCL console."
#   }
# }
# run 1000ns
Stopped at time : 0 fs : File "/home/asheshpangma/VSD-FPGA-Fabric-Design-and-Architecture/Day2/vtr_flow/counter/counter.srcs/sim_1/imports/vtr_flow/counter_tb.v" Line 32
INFO: [USF-XSim-96] XSim completed. Design snapshot 'upcounter_testbench_behav' loaded.
INFO: [USF-XSim-97] XSim simulation ran for 1000ns
launch_simulation: Time (s): cpu = 00:00:14 ; elapsed = 00:00:08 . Memory (MB): peak = 6804.164 ; gain = 124.832 ; free physical = 5738 ; free virtual = 8746
remove_bps -file {/home/asheshpangma/VSD-FPGA-Fabric-Design-and-Architecture/Day2/vtr_flow/counter/counter.srcs/sim_1/imports/vtr_flow/counter_tb.v} -line 32
remove_bps -file {/home/asheshpangma/VSD-FPGA-Fabric-Design-and-Architecture/Day2/vtr_flow/counter/counter.srcs/sim_1/imports/vtr_flow/counter_tb.v} -line 33
close_sim
INFO: [Simtcl 6-16] Simulation closed
exit
INFO: [Common 17-206] Exiting Vivado at Thu Dec 15 20:29:37 2022...
